/*C3*/SET SCHEMA PUBLIC
CONNECT USER SA
SET AUTOCOMMIT FALSE
DISCONNECT
/*C4*/SET SCHEMA PUBLIC
CONNECT USER SA
SET AUTOCOMMIT FALSE
DISCONNECT
/*C5*/SET SCHEMA PUBLIC
CONNECT USER SA
SET AUTOCOMMIT FALSE
DISCONNECT
/*C6*/SET SCHEMA PUBLIC
CONNECT USER SA
SET AUTOCOMMIT FALSE
DISCONNECT
/*C7*/SET SCHEMA PUBLIC
CONNECT USER SA
SET AUTOCOMMIT FALSE
DISCONNECT
/*C8*/SET SCHEMA PUBLIC
CONNECT USER SA
SET AUTOCOMMIT FALSE
INSERT INTO SALE VALUES(15,'2013-11-24 21:35:38.023000000',NULL)
INSERT INTO SOLDITEM VALUES(20,15,1,'Layz kr\u00f5psud',1,10.5)
INSERT INTO SOLDITEM VALUES(21,15,1,'Layz kr\u00f5psud',1,10.5)
INSERT INTO SOLDITEM VALUES(22,15,1,'Layz kr\u00f5psud',1,10.5)
DELETE FROM STOCKITEM WHERE ID=1
INSERT INTO STOCKITEM VALUES(1,'Layz kr\u00f5psud',10.5,93,NULL)
COMMIT
INSERT INTO SALE VALUES(16,'2013-11-24 21:35:48.296000000',1)
INSERT INTO SOLDITEM VALUES(23,16,1,'Layz kr\u00f5psud',1,10.5)
INSERT INTO SOLDITEM VALUES(24,16,1,'Layz kr\u00f5psud',1,10.5)
INSERT INTO SOLDITEM VALUES(25,16,1,'Layz kr\u00f5psud',1,10.5)
DELETE FROM STOCKITEM WHERE ID=1
INSERT INTO STOCKITEM VALUES(1,'Layz kr\u00f5psud',10.5,90,NULL)
COMMIT
DISCONNECT
/*C9*/SET SCHEMA PUBLIC
CONNECT USER SA
SET AUTOCOMMIT FALSE
INSERT INTO SALE VALUES(17,'2013-11-24 21:40:13.255000000',NULL)
INSERT INTO SOLDITEM VALUES(26,17,1,'Layz kr\u00f5psud',1,10.5)
DELETE FROM STOCKITEM WHERE ID=1
INSERT INTO STOCKITEM VALUES(1,'Layz kr\u00f5psud',10.5,89,NULL)
COMMIT
DISCONNECT
/*C10*/SET SCHEMA PUBLIC
CONNECT USER SA
SET AUTOCOMMIT FALSE
INSERT INTO SALE VALUES(18,'2013-11-24 21:43:02.145000000',NULL)
INSERT INTO SOLDITEM VALUES(27,18,1,'Layz kr\u00f5psud',3,10.5)
DELETE FROM STOCKITEM WHERE ID=1
INSERT INTO STOCKITEM VALUES(1,'Layz kr\u00f5psud',10.5,86,NULL)
COMMIT
DISCONNECT
